mode: set
github.com/sakupay-apps/internal/app/service/auth_service.go:16.54,18.2 1 0
github.com/sakupay-apps/internal/app/service/auth_service.go:20.79,23.16 2 0
github.com/sakupay-apps/internal/app/service/auth_service.go:23.16,25.3 1 0
github.com/sakupay-apps/internal/app/service/auth_service.go:27.2,29.16 2 0
github.com/sakupay-apps/internal/app/service/auth_service.go:29.16,31.3 1 0
github.com/sakupay-apps/internal/app/service/auth_service.go:33.2,33.19 1 0
github.com/sakupay-apps/internal/app/service/bill_service.go:22.155,28.2 1 1
github.com/sakupay-apps/internal/app/service/bill_service.go:30.85,34.16 2 1
github.com/sakupay-apps/internal/app/service/bill_service.go:34.16,36.3 1 0
github.com/sakupay-apps/internal/app/service/bill_service.go:38.2,38.41 1 1
github.com/sakupay-apps/internal/app/service/bill_service.go:38.41,40.3 1 0
github.com/sakupay-apps/internal/app/service/bill_service.go:42.2,44.16 2 1
github.com/sakupay-apps/internal/app/service/bill_service.go:44.16,46.3 1 0
github.com/sakupay-apps/internal/app/service/bill_service.go:48.2,63.27 2 1
github.com/sakupay-apps/internal/app/service/bill_service.go:66.75,69.16 2 0
github.com/sakupay-apps/internal/app/service/bill_service.go:69.16,71.3 1 0
github.com/sakupay-apps/internal/app/service/bill_service.go:73.2,75.16 2 0
github.com/sakupay-apps/internal/app/service/bill_service.go:75.16,77.3 1 0
github.com/sakupay-apps/internal/app/service/bill_service.go:79.2,81.16 2 0
github.com/sakupay-apps/internal/app/service/bill_service.go:81.16,83.3 1 0
github.com/sakupay-apps/internal/app/service/bill_service.go:85.2,87.16 2 0
github.com/sakupay-apps/internal/app/service/bill_service.go:87.16,89.3 1 0
github.com/sakupay-apps/internal/app/service/bill_service.go:91.2,93.29 2 0
github.com/sakupay-apps/internal/app/service/bill_service.go:93.29,94.61 1 0
github.com/sakupay-apps/internal/app/service/bill_service.go:94.61,109.4 1 0
github.com/sakupay-apps/internal/app/service/bill_service.go:112.2,112.27 1 0
github.com/sakupay-apps/internal/app/service/card_service.go:24.105,29.2 1 1
github.com/sakupay-apps/internal/app/service/card_service.go:31.88,34.16 2 1
github.com/sakupay-apps/internal/app/service/card_service.go:34.16,36.3 1 0
github.com/sakupay-apps/internal/app/service/card_service.go:38.2,40.16 2 1
github.com/sakupay-apps/internal/app/service/card_service.go:40.16,42.3 1 0
github.com/sakupay-apps/internal/app/service/card_service.go:44.2,44.29 1 1
github.com/sakupay-apps/internal/app/service/card_service.go:44.29,45.44 1 0
github.com/sakupay-apps/internal/app/service/card_service.go:45.44,47.4 1 0
github.com/sakupay-apps/internal/app/service/card_service.go:50.2,52.16 2 1
github.com/sakupay-apps/internal/app/service/card_service.go:52.16,54.3 1 0
github.com/sakupay-apps/internal/app/service/card_service.go:56.2,70.28 2 1
github.com/sakupay-apps/internal/app/service/card_service.go:74.80,77.16 2 0
github.com/sakupay-apps/internal/app/service/card_service.go:77.16,79.3 1 0
github.com/sakupay-apps/internal/app/service/card_service.go:81.2,83.16 2 0
github.com/sakupay-apps/internal/app/service/card_service.go:83.16,85.3 1 0
github.com/sakupay-apps/internal/app/service/card_service.go:87.2,89.29 2 0
github.com/sakupay-apps/internal/app/service/card_service.go:89.29,90.29 1 0
github.com/sakupay-apps/internal/app/service/card_service.go:90.29,104.4 1 0
github.com/sakupay-apps/internal/app/service/card_service.go:107.2,107.27 1 0
github.com/sakupay-apps/internal/app/service/card_service.go:110.75,114.16 2 0
github.com/sakupay-apps/internal/app/service/card_service.go:114.16,116.3 1 0
github.com/sakupay-apps/internal/app/service/card_service.go:118.2,120.16 2 0
github.com/sakupay-apps/internal/app/service/card_service.go:120.16,122.3 1 0
github.com/sakupay-apps/internal/app/service/card_service.go:124.2,141.27 2 0
github.com/sakupay-apps/internal/app/service/card_service.go:144.89,147.16 2 0
github.com/sakupay-apps/internal/app/service/card_service.go:147.16,149.3 1 0
github.com/sakupay-apps/internal/app/service/card_service.go:151.2,153.16 2 0
github.com/sakupay-apps/internal/app/service/card_service.go:153.16,155.3 1 0
github.com/sakupay-apps/internal/app/service/card_service.go:157.2,176.27 3 0
github.com/sakupay-apps/internal/app/service/card_service.go:179.125,181.2 1 0
github.com/sakupay-apps/internal/app/service/contact_service.go:24.117,29.2 1 1
github.com/sakupay-apps/internal/app/service/contact_service.go:31.99,34.16 2 1
github.com/sakupay-apps/internal/app/service/contact_service.go:34.16,36.3 1 0
github.com/sakupay-apps/internal/app/service/contact_service.go:38.2,38.35 1 1
github.com/sakupay-apps/internal/app/service/contact_service.go:38.35,39.49 1 0
github.com/sakupay-apps/internal/app/service/contact_service.go:39.49,41.4 1 0
github.com/sakupay-apps/internal/app/service/contact_service.go:44.2,46.16 2 1
github.com/sakupay-apps/internal/app/service/contact_service.go:46.16,48.3 1 0
github.com/sakupay-apps/internal/app/service/contact_service.go:50.2,52.16 2 1
github.com/sakupay-apps/internal/app/service/contact_service.go:52.16,54.3 1 0
github.com/sakupay-apps/internal/app/service/contact_service.go:56.2,71.31 2 1
github.com/sakupay-apps/internal/app/service/contact_service.go:75.88,78.16 2 0
github.com/sakupay-apps/internal/app/service/contact_service.go:78.16,80.3 1 0
github.com/sakupay-apps/internal/app/service/contact_service.go:82.2,84.16 2 0
github.com/sakupay-apps/internal/app/service/contact_service.go:84.16,86.3 1 0
github.com/sakupay-apps/internal/app/service/contact_service.go:88.2,90.35 2 0
github.com/sakupay-apps/internal/app/service/contact_service.go:90.35,91.32 1 0
github.com/sakupay-apps/internal/app/service/contact_service.go:91.32,106.4 1 0
github.com/sakupay-apps/internal/app/service/contact_service.go:109.2,109.30 1 0
github.com/sakupay-apps/internal/app/service/contact_service.go:112.83,116.16 2 0
github.com/sakupay-apps/internal/app/service/contact_service.go:116.16,118.3 1 0
github.com/sakupay-apps/internal/app/service/contact_service.go:120.2,122.16 2 0
github.com/sakupay-apps/internal/app/service/contact_service.go:122.16,124.3 1 0
github.com/sakupay-apps/internal/app/service/contact_service.go:126.2,141.30 2 0
github.com/sakupay-apps/internal/app/service/contact_service.go:144.100,148.16 2 0
github.com/sakupay-apps/internal/app/service/contact_service.go:148.16,150.3 1 0
github.com/sakupay-apps/internal/app/service/contact_service.go:152.2,154.16 2 0
github.com/sakupay-apps/internal/app/service/contact_service.go:154.16,156.3 1 0
github.com/sakupay-apps/internal/app/service/contact_service.go:158.2,160.16 2 0
github.com/sakupay-apps/internal/app/service/contact_service.go:160.16,162.3 1 0
github.com/sakupay-apps/internal/app/service/contact_service.go:164.2,179.30 2 0
github.com/sakupay-apps/internal/app/service/contact_service.go:182.102,186.16 2 0
github.com/sakupay-apps/internal/app/service/contact_service.go:186.16,188.3 1 0
github.com/sakupay-apps/internal/app/service/contact_service.go:190.2,192.16 2 0
github.com/sakupay-apps/internal/app/service/contact_service.go:192.16,194.3 1 0
github.com/sakupay-apps/internal/app/service/contact_service.go:196.2,198.16 2 0
github.com/sakupay-apps/internal/app/service/contact_service.go:198.16,200.3 1 0
github.com/sakupay-apps/internal/app/service/contact_service.go:202.2,202.16 1 0
github.com/sakupay-apps/internal/app/service/contact_service.go:202.16,204.3 1 0
github.com/sakupay-apps/internal/app/service/contact_service.go:206.2,221.30 2 0
github.com/sakupay-apps/internal/app/service/transaction_service.go:27.169,33.2 1 1
github.com/sakupay-apps/internal/app/service/transaction_service.go:35.120,36.29 1 1
github.com/sakupay-apps/internal/app/service/transaction_service.go:36.29,38.3 1 1
github.com/sakupay-apps/internal/app/service/transaction_service.go:40.2,42.16 2 0
github.com/sakupay-apps/internal/app/service/transaction_service.go:42.16,44.3 1 0
github.com/sakupay-apps/internal/app/service/transaction_service.go:46.2,48.16 2 0
github.com/sakupay-apps/internal/app/service/transaction_service.go:48.16,50.3 1 0
github.com/sakupay-apps/internal/app/service/transaction_service.go:52.2,54.39 2 0
github.com/sakupay-apps/internal/app/service/transaction_service.go:54.39,56.3 1 0
github.com/sakupay-apps/internal/app/service/transaction_service.go:58.2,60.16 2 0
github.com/sakupay-apps/internal/app/service/transaction_service.go:60.16,62.3 1 0
github.com/sakupay-apps/internal/app/service/transaction_service.go:64.2,80.34 2 0
github.com/sakupay-apps/internal/app/service/transaction_service.go:83.96,87.16 2 0
github.com/sakupay-apps/internal/app/service/transaction_service.go:87.16,89.3 1 0
github.com/sakupay-apps/internal/app/service/transaction_service.go:91.2,93.16 2 0
github.com/sakupay-apps/internal/app/service/transaction_service.go:93.16,95.3 1 0
github.com/sakupay-apps/internal/app/service/transaction_service.go:97.2,99.43 2 0
github.com/sakupay-apps/internal/app/service/transaction_service.go:99.43,100.36 1 0
github.com/sakupay-apps/internal/app/service/transaction_service.go:100.36,115.4 1 0
github.com/sakupay-apps/internal/app/service/transaction_service.go:118.2,118.34 1 0
github.com/sakupay-apps/internal/app/service/transaction_service.go:121.116,125.16 2 0
github.com/sakupay-apps/internal/app/service/transaction_service.go:125.16,127.3 1 0
github.com/sakupay-apps/internal/app/service/transaction_service.go:129.2,131.16 2 0
github.com/sakupay-apps/internal/app/service/transaction_service.go:131.16,133.3 1 0
github.com/sakupay-apps/internal/app/service/transaction_service.go:135.2,137.16 2 0
github.com/sakupay-apps/internal/app/service/transaction_service.go:137.16,139.3 1 0
github.com/sakupay-apps/internal/app/service/transaction_service.go:141.2,155.34 2 0
github.com/sakupay-apps/internal/app/service/transaction_service.go:158.119,159.29 1 0
github.com/sakupay-apps/internal/app/service/transaction_service.go:159.29,161.3 1 0
github.com/sakupay-apps/internal/app/service/transaction_service.go:163.2,165.16 2 0
github.com/sakupay-apps/internal/app/service/transaction_service.go:165.16,167.3 1 0
github.com/sakupay-apps/internal/app/service/transaction_service.go:169.2,169.42 1 0
github.com/sakupay-apps/internal/app/service/transaction_service.go:169.42,171.3 1 0
github.com/sakupay-apps/internal/app/service/transaction_service.go:173.2,175.16 2 0
github.com/sakupay-apps/internal/app/service/transaction_service.go:175.16,177.3 1 0
github.com/sakupay-apps/internal/app/service/transaction_service.go:179.2,181.16 2 0
github.com/sakupay-apps/internal/app/service/transaction_service.go:181.16,183.3 1 0
github.com/sakupay-apps/internal/app/service/transaction_service.go:185.2,200.34 2 0
github.com/sakupay-apps/internal/app/service/transaction_service.go:203.127,204.29 1 0
github.com/sakupay-apps/internal/app/service/transaction_service.go:204.29,206.3 1 0
github.com/sakupay-apps/internal/app/service/transaction_service.go:208.2,210.16 2 0
github.com/sakupay-apps/internal/app/service/transaction_service.go:210.16,212.3 1 0
github.com/sakupay-apps/internal/app/service/transaction_service.go:214.2,214.42 1 0
github.com/sakupay-apps/internal/app/service/transaction_service.go:214.42,216.3 1 0
github.com/sakupay-apps/internal/app/service/transaction_service.go:218.2,220.16 2 0
github.com/sakupay-apps/internal/app/service/transaction_service.go:220.16,222.3 1 0
github.com/sakupay-apps/internal/app/service/transaction_service.go:224.2,226.16 2 0
github.com/sakupay-apps/internal/app/service/transaction_service.go:226.16,228.3 1 0
github.com/sakupay-apps/internal/app/service/transaction_service.go:230.2,245.34 2 0
github.com/sakupay-apps/internal/app/service/user_picture_service.go:24.154,30.2 1 0
github.com/sakupay-apps/internal/app/service/user_picture_service.go:32.124,35.16 2 0
github.com/sakupay-apps/internal/app/service/user_picture_service.go:35.16,37.3 1 0
github.com/sakupay-apps/internal/app/service/user_picture_service.go:39.2,42.16 3 0
github.com/sakupay-apps/internal/app/service/user_picture_service.go:42.16,44.3 1 0
github.com/sakupay-apps/internal/app/service/user_picture_service.go:45.2,48.16 3 0
github.com/sakupay-apps/internal/app/service/user_picture_service.go:48.16,50.3 1 0
github.com/sakupay-apps/internal/app/service/user_picture_service.go:51.2,51.12 1 0
github.com/sakupay-apps/internal/app/service/user_picture_service.go:54.89,56.16 2 0
github.com/sakupay-apps/internal/app/service/user_picture_service.go:56.16,58.3 1 0
github.com/sakupay-apps/internal/app/service/user_picture_service.go:59.2,59.25 1 0
github.com/sakupay-apps/internal/app/service/user_service.go:27.65,29.2 1 0
github.com/sakupay-apps/internal/app/service/user_service.go:31.87,35.16 2 0
github.com/sakupay-apps/internal/app/service/user_service.go:35.16,37.3 1 0
github.com/sakupay-apps/internal/app/service/user_service.go:39.2,39.29 1 0
github.com/sakupay-apps/internal/app/service/user_service.go:39.29,40.40 1 0
github.com/sakupay-apps/internal/app/service/user_service.go:40.40,42.4 1 0
github.com/sakupay-apps/internal/app/service/user_service.go:43.3,43.34 1 0
github.com/sakupay-apps/internal/app/service/user_service.go:43.34,45.4 1 0
github.com/sakupay-apps/internal/app/service/user_service.go:46.3,46.46 1 0
github.com/sakupay-apps/internal/app/service/user_service.go:46.46,48.4 1 0
github.com/sakupay-apps/internal/app/service/user_service.go:51.2,53.16 2 0
github.com/sakupay-apps/internal/app/service/user_service.go:53.16,55.3 1 0
github.com/sakupay-apps/internal/app/service/user_service.go:57.2,77.27 5 0
github.com/sakupay-apps/internal/app/service/user_service.go:80.74,84.16 2 0
github.com/sakupay-apps/internal/app/service/user_service.go:84.16,86.3 1 0
github.com/sakupay-apps/internal/app/service/user_service.go:88.2,102.27 2 0
github.com/sakupay-apps/internal/app/service/user_service.go:105.131,109.16 2 0
github.com/sakupay-apps/internal/app/service/user_service.go:109.16,111.3 1 0
github.com/sakupay-apps/internal/app/service/user_service.go:113.2,115.29 2 0
github.com/sakupay-apps/internal/app/service/user_service.go:115.29,134.3 2 0
github.com/sakupay-apps/internal/app/service/user_service.go:136.2,136.35 1 0
github.com/sakupay-apps/internal/app/service/user_service.go:139.72,143.16 2 0
github.com/sakupay-apps/internal/app/service/user_service.go:143.16,145.3 1 0
github.com/sakupay-apps/internal/app/service/user_service.go:147.2,149.16 2 0
github.com/sakupay-apps/internal/app/service/user_service.go:149.16,151.3 1 0
github.com/sakupay-apps/internal/app/service/user_service.go:153.2,169.27 2 0
github.com/sakupay-apps/internal/app/service/user_service.go:172.97,176.16 2 0
github.com/sakupay-apps/internal/app/service/user_service.go:176.16,178.3 1 0
github.com/sakupay-apps/internal/app/service/user_service.go:180.2,182.16 2 0
github.com/sakupay-apps/internal/app/service/user_service.go:182.16,184.3 1 0
github.com/sakupay-apps/internal/app/service/user_service.go:186.2,202.27 2 0
github.com/sakupay-apps/internal/app/service/user_service.go:205.76,207.2 1 0
github.com/sakupay-apps/internal/app/service/user_service.go:209.101,211.2 1 0
github.com/sakupay-apps/internal/app/service/wallet_service.go:19.95,22.16 2 0
github.com/sakupay-apps/internal/app/service/wallet_service.go:22.16,24.3 1 0
github.com/sakupay-apps/internal/app/service/wallet_service.go:26.2,27.16 2 0
github.com/sakupay-apps/internal/app/service/wallet_service.go:27.16,29.3 1 0
github.com/sakupay-apps/internal/app/service/wallet_service.go:30.2,45.29 2 0
github.com/sakupay-apps/internal/app/service/wallet_service.go:48.108,53.2 1 0
